<?xml version="1.0" encoding="UTF-8"?>
<testng-results skipped="0" failed="0" total="1" passed="1">
  <reporter-output>
  </reporter-output>
  <suite name="Default suite" duration-ms="9040" started-at="2017-11-17T04:16:37Z" finished-at="2017-11-17T04:16:46Z">
    <groups>
    </groups>
    <test name="Default test" duration-ms="9040" started-at="2017-11-17T04:16:37Z" finished-at="2017-11-17T04:16:46Z">
      <class name="com.primusbank.tests.AdminLoginTest">
        <test-method status="PASS" signature="launchApp()[pri:0, instance:com.primusbank.tests.AdminLoginTest@49271218]" name="launchApp" is-config="true" duration-ms="7287" started-at="2017-11-17T09:46:37Z" finished-at="2017-11-17T09:46:45Z">
          <reporter-output>
          </reporter-output>
        </test-method> <!-- launchApp -->
        <test-method status="PASS" signature="adminTest()[pri:0, instance:com.primusbank.tests.AdminLoginTest@49271218]" name="adminTest" duration-ms="1709" started-at="2017-11-17T09:46:45Z" finished-at="2017-11-17T09:46:46Z">
          <reporter-output>
          </reporter-output>
        </test-method> <!-- adminTest -->
        <test-method status="PASS" signature="closeApp()[pri:0, instance:com.primusbank.tests.AdminLoginTest@49271218]" name="closeApp" is-config="true" duration-ms="12" started-at="2017-11-17T09:46:46Z" finished-at="2017-11-17T09:46:46Z">
          <reporter-output>
          </reporter-output>
        </test-method> <!-- closeApp -->
      </class> <!-- com.primusbank.tests.AdminLoginTest -->
    </test> <!-- Default test -->
  </suite> <!-- Default suite -->
</testng-results>
